{"/mnt/d/PROGRAMACAO/JAVASCRIPTEXPERT-CURSO/module7/Observer/src/events/payment.js": {"path":"/mnt/d/PROGRAMACAO/JAVASCRIPTEXPERT-CURSO/module7/Observer/src/events/payment.js","all":false,"statementMap":{"0":{"start":{"line":1,"column":0},"end":{"line":1,"column":30}},"1":{"start":{"line":2,"column":0},"end":{"line":2,"column":31}},"2":{"start":{"line":3,"column":0},"end":{"line":3,"column":41}},"3":{"start":{"line":4,"column":0},"end":{"line":4,"column":3}},"4":{"start":{"line":5,"column":0},"end":{"line":5,"column":0}},"5":{"start":{"line":6,"column":0},"end":{"line":6,"column":27}},"6":{"start":{"line":7,"column":0},"end":{"line":7,"column":69}},"7":{"start":{"line":8,"column":0},"end":{"line":8,"column":44}},"8":{"start":{"line":9,"column":0},"end":{"line":9,"column":3}},"9":{"start":{"line":10,"column":0},"end":{"line":10,"column":1}}},"s":{"0":1,"1":2,"2":2,"3":2,"4":2,"5":2,"6":1,"7":1,"8":1,"9":1},"branchMap":{"0":{"type":"branch","line":1,"loc":{"start":{"line":1,"column":0},"end":{"line":1,"column":21}},"locations":[{"start":{"line":1,"column":0},"end":{"line":1,"column":21}}]},"1":{"type":"branch","line":1,"loc":{"start":{"line":1,"column":21},"end":{"line":7,"column":45}},"locations":[{"start":{"line":1,"column":21},"end":{"line":7,"column":45}}]}},"b":{"0":[2],"1":[2]},"fnMap":{"0":{"name":"Payment","decl":{"start":{"line":1,"column":0},"end":{"line":1,"column":21}},"loc":{"start":{"line":1,"column":0},"end":{"line":1,"column":21}},"line":1},"1":{"name":"creditCard","decl":{"start":{"line":1,"column":21},"end":{"line":7,"column":45}},"loc":{"start":{"line":1,"column":21},"end":{"line":7,"column":45}},"line":1}},"f":{"0":2,"1":2}}
,"/mnt/d/PROGRAMACAO/JAVASCRIPTEXPERT-CURSO/module7/Observer/src/observers/marketing.js": {"path":"/mnt/d/PROGRAMACAO/JAVASCRIPTEXPERT-CURSO/module7/Observer/src/observers/marketing.js","all":false,"statementMap":{"0":{"start":{"line":1,"column":0},"end":{"line":1,"column":32}},"1":{"start":{"line":2,"column":0},"end":{"line":2,"column":28}},"2":{"start":{"line":3,"column":0},"end":{"line":3,"column":88}},"3":{"start":{"line":4,"column":0},"end":{"line":4,"column":84}},"4":{"start":{"line":5,"column":0},"end":{"line":5,"column":16}},"5":{"start":{"line":6,"column":0},"end":{"line":6,"column":73}},"6":{"start":{"line":7,"column":0},"end":{"line":7,"column":6}},"7":{"start":{"line":8,"column":0},"end":{"line":8,"column":3}},"8":{"start":{"line":9,"column":0},"end":{"line":9,"column":1}}},"s":{"0":1,"1":1,"2":1,"3":1,"4":1,"5":1,"6":1,"7":1,"8":1},"branchMap":{"0":{"type":"branch","line":1,"loc":{"start":{"line":1,"column":0},"end":{"line":5,"column":11}},"locations":[{"start":{"line":1,"column":0},"end":{"line":5,"column":11}}]}},"b":{"0":[1]},"fnMap":{"0":{"name":"update","decl":{"start":{"line":1,"column":0},"end":{"line":5,"column":11}},"loc":{"start":{"line":1,"column":0},"end":{"line":5,"column":11}},"line":1}},"f":{"0":1}}
,"/mnt/d/PROGRAMACAO/JAVASCRIPTEXPERT-CURSO/module7/Observer/src/observers/shipment.js": {"path":"/mnt/d/PROGRAMACAO/JAVASCRIPTEXPERT-CURSO/module7/Observer/src/observers/shipment.js","all":false,"statementMap":{"0":{"start":{"line":1,"column":0},"end":{"line":1,"column":31}},"1":{"start":{"line":2,"column":0},"end":{"line":2,"column":28}},"2":{"start":{"line":3,"column":0},"end":{"line":3,"column":16}},"3":{"start":{"line":4,"column":0},"end":{"line":4,"column":71}},"4":{"start":{"line":5,"column":0},"end":{"line":5,"column":6}},"5":{"start":{"line":6,"column":0},"end":{"line":6,"column":3}},"6":{"start":{"line":7,"column":0},"end":{"line":7,"column":1}}},"s":{"0":1,"1":1,"2":1,"3":1,"4":1,"5":1,"6":1},"branchMap":{"0":{"type":"branch","line":1,"loc":{"start":{"line":1,"column":0},"end":{"line":2,"column":9}},"locations":[{"start":{"line":1,"column":0},"end":{"line":2,"column":9}}]}},"b":{"0":[1]},"fnMap":{"0":{"name":"update","decl":{"start":{"line":1,"column":0},"end":{"line":2,"column":9}},"loc":{"start":{"line":1,"column":0},"end":{"line":2,"column":9}},"line":1}},"f":{"0":1}}
,"/mnt/d/PROGRAMACAO/JAVASCRIPTEXPERT-CURSO/module7/Observer/src/subjects/paymentSubject.js": {"path":"/mnt/d/PROGRAMACAO/JAVASCRIPTEXPERT-CURSO/module7/Observer/src/subjects/paymentSubject.js","all":false,"statementMap":{"0":{"start":{"line":1,"column":0},"end":{"line":1,"column":37}},"1":{"start":{"line":2,"column":0},"end":{"line":2,"column":25}},"2":{"start":{"line":3,"column":0},"end":{"line":3,"column":0}},"3":{"start":{"line":4,"column":0},"end":{"line":4,"column":16}},"4":{"start":{"line":5,"column":0},"end":{"line":5,"column":65}},"5":{"start":{"line":6,"column":0},"end":{"line":6,"column":3}},"6":{"start":{"line":7,"column":0},"end":{"line":7,"column":0}},"7":{"start":{"line":8,"column":0},"end":{"line":8,"column":25}},"8":{"start":{"line":9,"column":0},"end":{"line":9,"column":28}},"9":{"start":{"line":10,"column":0},"end":{"line":10,"column":36}},"10":{"start":{"line":11,"column":0},"end":{"line":11,"column":3}},"11":{"start":{"line":12,"column":0},"end":{"line":12,"column":0}},"12":{"start":{"line":13,"column":0},"end":{"line":13,"column":27}},"13":{"start":{"line":14,"column":0},"end":{"line":14,"column":39}},"14":{"start":{"line":15,"column":0},"end":{"line":15,"column":3}},"15":{"start":{"line":16,"column":0},"end":{"line":16,"column":1}}},"s":{"0":4,"1":4,"2":4,"3":4,"4":4,"5":4,"6":4,"7":4,"8":1,"9":4,"10":1,"11":1,"12":1,"13":1,"14":1,"15":1},"branchMap":{"0":{"type":"branch","line":1,"loc":{"start":{"line":1,"column":0},"end":{"line":10,"column":36}},"locations":[{"start":{"line":1,"column":0},"end":{"line":10,"column":36}}]},"1":{"type":"branch","line":1,"loc":{"start":{"line":1,"column":0},"end":{"line":2,"column":25}},"locations":[{"start":{"line":1,"column":0},"end":{"line":2,"column":25}}]},"2":{"type":"branch","line":1,"loc":{"start":{"line":1,"column":21},"end":{"line":2,"column":19}},"locations":[{"start":{"line":1,"column":21},"end":{"line":2,"column":19}}]},"3":{"type":"branch","line":8,"loc":{"start":{"line":8,"column":2},"end":{"line":10,"column":9}},"locations":[{"start":{"line":8,"column":2},"end":{"line":10,"column":9}}]}},"b":{"0":[4],"1":[4],"2":[3],"3":[1]},"fnMap":{"0":{"name":"<instance_members_initializer>","decl":{"start":{"line":1,"column":0},"end":{"line":10,"column":36}},"loc":{"start":{"line":1,"column":0},"end":{"line":10,"column":36}},"line":1},"1":{"name":"notify","decl":{"start":{"line":1,"column":0},"end":{"line":2,"column":25}},"loc":{"start":{"line":1,"column":0},"end":{"line":2,"column":25}},"line":1},"2":{"name":"unsubscribe","decl":{"start":{"line":8,"column":2},"end":{"line":10,"column":9}},"loc":{"start":{"line":8,"column":2},"end":{"line":10,"column":9}},"line":8}},"f":{"0":4,"1":4,"2":1}}
}
